<?xml version="1.0" encoding="UTF-8"?>
<testsuite xmlns:xsi="http://www.w3.org/2001/XMLSchema-instance" xsi:noNamespaceSchemaLocation="https://maven.apache.org/surefire/maven-surefire-plugin/xsd/surefire-test-report-3.0.xsd" version="3.0" name="com.sapient.aem.model.UserTest" time="0.071" tests="16" errors="0" skipped="0" failures="0">
  <properties>
[...]
</properties>
  <testcase name="testSetPassword" classname="com.sapient.aem.model.UserTest" time="0.027"/>
  <testcase name="testGetPassword" classname="com.sapient.aem.model.UserTest" time="0.001"/>
  <testcase name="testInvalidGetRole" classname="com.sapient.aem.model.UserTest" time="0.002"/>
  <testcase name="testInvalidSetUserId" classname="com.sapient.aem.model.UserTest" time="0.001"/>
  <testcase name="testInvalidGetUserId" classname="com.sapient.aem.model.UserTest" time="0.001"/>
  <testcase name="testInvalidSetUserName" classname="com.sapient.aem.model.UserTest" time="0.001"/>
  <testcase name="testInvalidGetUserName" classname="com.sapient.aem.model.UserTest" time="0.001"/>
  <testcase name="testGetRole" classname="com.sapient.aem.model.UserTest" time="0.001"/>
  <testcase name="testInvalidSetRole" classname="com.sapient.aem.model.UserTest" time="0.001"/>
  <testcase name="testInvalidSetPassword" classname="com.sapient.aem.model.UserTest" time="0"/>
  <testcase name="testInvalidGetPassword" classname="com.sapient.aem.model.UserTest" time="0.001"/>
  <testcase name="testSetUserName" classname="com.sapient.aem.model.UserTest" time="0.001"/>
  <testcase name="testGetUserName" classname="com.sapient.aem.model.UserTest" time="0.001"/>
  <testcase name="testSetUserId" classname="com.sapient.aem.model.UserTest" time="0.001"/>
  <testcase name="testGetUserId" classname="com.sapient.aem.model.UserTest" time="0"/>
  <testcase name="testSetRole" classname="com.sapient.aem.model.UserTest" time="0.001"/>
</testsuite>